Using pre-set license
Built from '2020.2/release' branch; Version is '2020.2.1f1 (270dd8c3da1c) revision 2559448'; Using compiler version '192528614'; Build Type 'Release'
OS: 'Windows 10  (10.0.0) 64bit' Language: 'en' Physical Memory: 8154 MB
BatchMode: 1, IsHumanControllingUs: 0, StartBugReporterOnCrash: 0, Is64bit: 1, IsPro: 0

 COMMAND LINE ARGUMENTS:
C:\Program Files\Unity\Hub\Editor\2020.2.1f1\Editor\Unity.exe
-adb2
-batchMode
-noUpm
-name
AssetImportWorker0
-projectPath
C:/Users/Charizard/Documents/GitHub/Space-Shooter
-logFile
Logs/AssetImportWorker0.log
-srvPort
60694
Successfully changed project path to: C:/Users/Charizard/Documents/GitHub/Space-Shooter
C:/Users/Charizard/Documents/GitHub/Space-Shooter
Using Asset Import Pipeline V2.
Refreshing native plugins compatible for Editor in 39.95 ms, found 1 plugins.
Preloading 0 native plugins for Editor in 0.00 ms.
Initialize engine version: 2020.2.1f1 (270dd8c3da1c)
[Subsystems] Discovering subsystems at path C:/Program Files/Unity/Hub/Editor/2020.2.1f1/Editor/Data/Resources/UnitySubsystems
[Subsystems] Discovering subsystems at path C:/Users/Charizard/Documents/GitHub/Space-Shooter/Assets
GfxDevice: creating device client; threaded=0
Direct3D:
    Version:  Direct3D 11.0 [level 11.1]
    Renderer: NVIDIA GeForce GTX 1060 6GB (ID=0x1c03)
    Vendor:   
    VRAM:     6052 MB
    Driver:   27.21.14.5671
Initialize mono
Mono path[0] = 'C:/Program Files/Unity/Hub/Editor/2020.2.1f1/Editor/Data/Managed'
Mono path[1] = 'C:/Program Files/Unity/Hub/Editor/2020.2.1f1/Editor/Data/MonoBleedingEdge/lib/mono/unityjit'
Mono config path = 'C:/Program Files/Unity/Hub/Editor/2020.2.1f1/Editor/Data/MonoBleedingEdge/etc'
Using monoOptions --debugger-agent=transport=dt_socket,embedding=1,server=y,suspend=n,address=127.0.0.1:56364
Begin MonoManager ReloadAssembly
Registering precompiled unity dll's ...
Register platform support module: C:/Program Files/Unity/Hub/Editor/2020.2.1f1/Editor/Data/PlaybackEngines/WindowsStandaloneSupport/UnityEditor.WindowsStandalone.Extensions.dll
Registered in 0.002390 seconds.
Native extension for WindowsStandalone target not found
Refreshing native plugins compatible for Editor in 45.24 ms, found 1 plugins.
Preloading 0 native plugins for Editor in 0.00 ms.
Invoked RoslynAnalysisRunner static constructor.
RoslynAnalysisRunner will not be running.
RoslynAnalysisRunner has terminated.
Mono: successfully reloaded assembly
- Completed reload, in  1.239 seconds
Platform modules already initialized, skipping
Registering precompiled user dll's ...
Registered in 0.001173 seconds.
Begin MonoManager ReloadAssembly
Native extension for WindowsStandalone target not found
Refreshing native plugins compatible for Editor in 38.65 ms, found 1 plugins.
Preloading 0 native plugins for Editor in 0.00 ms.
Invoked RoslynAnalysisRunner static constructor.
RoslynAnalysisRunner will not be running.
RoslynAnalysisRunner has terminated.
Mono: successfully reloaded assembly
- Completed reload, in  1.020 seconds
Platform modules already initialized, skipping
========================================================================
Worker process is ready to serve import requests
Launched and connected shader compiler UnityShaderCompiler.exe after 0.04 seconds
Refreshing native plugins compatible for Editor in 0.34 ms, found 1 plugins.
Preloading 0 native plugins for Editor in 0.00 ms.
Unloading 1797 Unused Serialized files (Serialized files now loaded: 0)
System memory in use before: 84.7 MB.
System memory in use after: 84.7 MB.

Unloading 19 unused Assets to reduce memory usage. Loaded Objects now: 2247.
Total: 2.145600 ms (FindLiveObjects: 0.181700 ms CreateObjectMapping: 0.077500 ms MarkObjects: 1.804500 ms  DeleteObjects: 0.080800 ms)

========================================================================
Received Import Request.
  path: Assets/Scripts/ScrollScript.cs
  artifactKey: Guid(f7622c1cf194d234f94806dfb459e6fd) Importer(815301076,1909f56bfc062723c751e8b465ee728b)
Start importing Assets/Scripts/ScrollScript.cs using Guid(f7622c1cf194d234f94806dfb459e6fd) Importer(815301076,1909f56bfc062723c751e8b465ee728b)  -> (artifact id: 'ac5f82f797efe0ebd72fe9e95d06a05a') in 0.061829 seconds
  Import took 0.064865 seconds .

========================================================================
Received Prepare
Registering precompiled user dll's ...
Registered in 0.001164 seconds.
Begin MonoManager ReloadAssembly
Native extension for WindowsStandalone target not found
Refreshing native plugins compatible for Editor in 0.34 ms, found 1 plugins.
Preloading 0 native plugins for Editor in 0.00 ms.
Invoked RoslynAnalysisRunner static constructor.
RoslynAnalysisRunner will not be running.
RoslynAnalysisRunner has terminated.
Mono: successfully reloaded assembly
- Completed reload, in  1.043 seconds
Platform modules already initialized, skipping
Refreshing native plugins compatible for Editor in 0.36 ms, found 1 plugins.
Preloading 0 native plugins for Editor in 0.00 ms.
Unloading 1787 Unused Serialized files (Serialized files now loaded: 0)
System memory in use before: 84.4 MB.
System memory in use after: 84.5 MB.

Unloading 7 unused Assets to reduce memory usage. Loaded Objects now: 2250.
Total: 1.973800 ms (FindLiveObjects: 0.271900 ms CreateObjectMapping: 0.078200 ms MarkObjects: 1.587600 ms  DeleteObjects: 0.034700 ms)

========================================================================
Received Prepare
Registering precompiled user dll's ...
Registered in 0.001170 seconds.
Begin MonoManager ReloadAssembly
Native extension for WindowsStandalone target not found
Refreshing native plugins compatible for Editor in 0.34 ms, found 1 plugins.
Preloading 0 native plugins for Editor in 0.00 ms.
Invoked RoslynAnalysisRunner static constructor.
RoslynAnalysisRunner will not be running.
RoslynAnalysisRunner has terminated.
Mono: successfully reloaded assembly
- Completed reload, in  0.909 seconds
Platform modules already initialized, skipping
Refreshing native plugins compatible for Editor in 0.35 ms, found 1 plugins.
Preloading 0 native plugins for Editor in 0.00 ms.
Unloading 1787 Unused Serialized files (Serialized files now loaded: 0)
System memory in use before: 84.5 MB.
System memory in use after: 84.6 MB.

Unloading 7 unused Assets to reduce memory usage. Loaded Objects now: 2253.
Total: 2.571800 ms (FindLiveObjects: 0.181800 ms CreateObjectMapping: 0.082600 ms MarkObjects: 2.271800 ms  DeleteObjects: 0.034000 ms)

========================================================================
Received Prepare
Registering precompiled user dll's ...
Registered in 0.001145 seconds.
Begin MonoManager ReloadAssembly
Native extension for WindowsStandalone target not found
Refreshing native plugins compatible for Editor in 0.34 ms, found 1 plugins.
Preloading 0 native plugins for Editor in 0.00 ms.
Invoked RoslynAnalysisRunner static constructor.
RoslynAnalysisRunner will not be running.
RoslynAnalysisRunner has terminated.
Mono: successfully reloaded assembly
- Completed reload, in  0.916 seconds
Platform modules already initialized, skipping
Refreshing native plugins compatible for Editor in 0.35 ms, found 1 plugins.
Preloading 0 native plugins for Editor in 0.00 ms.
Unloading 1787 Unused Serialized files (Serialized files now loaded: 0)
System memory in use before: 84.7 MB.
System memory in use after: 84.8 MB.

Unloading 7 unused Assets to reduce memory usage. Loaded Objects now: 2256.
Total: 2.350700 ms (FindLiveObjects: 0.188700 ms CreateObjectMapping: 0.075400 ms MarkObjects: 2.068100 ms  DeleteObjects: 0.017400 ms)

========================================================================
Received Prepare
Registering precompiled user dll's ...
Registered in 0.001138 seconds.
Begin MonoManager ReloadAssembly
Native extension for WindowsStandalone target not found
Refreshing native plugins compatible for Editor in 0.35 ms, found 1 plugins.
Preloading 0 native plugins for Editor in 0.00 ms.
Invoked RoslynAnalysisRunner static constructor.
RoslynAnalysisRunner will not be running.
RoslynAnalysisRunner has terminated.
Mono: successfully reloaded assembly
- Completed reload, in  1.018 seconds
Platform modules already initialized, skipping
Refreshing native plugins compatible for Editor in 0.38 ms, found 1 plugins.
Preloading 0 native plugins for Editor in 0.00 ms.
Unloading 1787 Unused Serialized files (Serialized files now loaded: 0)
System memory in use before: 84.8 MB.
System memory in use after: 84.9 MB.

Unloading 7 unused Assets to reduce memory usage. Loaded Objects now: 2259.
Total: 2.241100 ms (FindLiveObjects: 0.188000 ms CreateObjectMapping: 0.079100 ms MarkObjects: 1.954100 ms  DeleteObjects: 0.018500 ms)

========================================================================
Received Prepare
Registering precompiled user dll's ...
Registered in 0.001194 seconds.
Begin MonoManager ReloadAssembly
Native extension for WindowsStandalone target not found
Refreshing native plugins compatible for Editor in 0.33 ms, found 1 plugins.
Preloading 0 native plugins for Editor in 0.00 ms.
Invoked RoslynAnalysisRunner static constructor.
RoslynAnalysisRunner will not be running.
RoslynAnalysisRunner has terminated.
Mono: successfully reloaded assembly
- Completed reload, in  0.917 seconds
Platform modules already initialized, skipping
Refreshing native plugins compatible for Editor in 0.35 ms, found 1 plugins.
Preloading 0 native plugins for Editor in 0.00 ms.
Unloading 1786 Unused Serialized files (Serialized files now loaded: 0)
System memory in use before: 84.9 MB.
System memory in use after: 85.0 MB.

Unloading 8 unused Assets to reduce memory usage. Loaded Objects now: 2261.
Total: 2.200800 ms (FindLiveObjects: 0.251500 ms CreateObjectMapping: 0.116600 ms MarkObjects: 1.812500 ms  DeleteObjects: 0.018900 ms)

========================================================================
Received Prepare
Registering precompiled user dll's ...
Registered in 0.001639 seconds.
Begin MonoManager ReloadAssembly
Native extension for WindowsStandalone target not found
Refreshing native plugins compatible for Editor in 0.33 ms, found 1 plugins.
Preloading 0 native plugins for Editor in 0.00 ms.
Invoked RoslynAnalysisRunner static constructor.
RoslynAnalysisRunner will not be running.
RoslynAnalysisRunner has terminated.
Mono: successfully reloaded assembly
- Completed reload, in  0.932 seconds
Platform modules already initialized, skipping
Refreshing native plugins compatible for Editor in 0.37 ms, found 1 plugins.
Preloading 0 native plugins for Editor in 0.00 ms.
Unloading 1786 Unused Serialized files (Serialized files now loaded: 0)
System memory in use before: 85.1 MB.
System memory in use after: 85.2 MB.

Unloading 7 unused Assets to reduce memory usage. Loaded Objects now: 2264.
Total: 1.850900 ms (FindLiveObjects: 0.180800 ms CreateObjectMapping: 0.064900 ms MarkObjects: 1.574200 ms  DeleteObjects: 0.030100 ms)

========================================================================
Received Import Request.
  Time since last request: 323.383912 seconds.
  path: Assets/Prefabs/Laser.prefab
  artifactKey: Guid(5430e42aad50402418d585b5858ed122) Importer(815301076,1909f56bfc062723c751e8b465ee728b)
Start importing Assets/Prefabs/Laser.prefab using Guid(5430e42aad50402418d585b5858ed122) Importer(815301076,1909f56bfc062723c751e8b465ee728b)  -> (artifact id: '8449a63d62ff9cfcc70347e5e3c95f37') in 0.100356 seconds
  Import took 0.103398 seconds .

========================================================================
Received Import Request.
  Time since last request: 0.225130 seconds.
  path: Assets/Prefabs/Laser.prefab
  artifactKey: Guid(5430e42aad50402418d585b5858ed122) Importer(815301076,1909f56bfc062723c751e8b465ee728b)
Start importing Assets/Prefabs/Laser.prefab using Guid(5430e42aad50402418d585b5858ed122) Importer(815301076,1909f56bfc062723c751e8b465ee728b)  -> (artifact id: '542a8ecf58ca8da13e3f7e0085c75824') in 0.017783 seconds
  Import took 0.021576 seconds .

========================================================================
Received Import Request.
  Time since last request: 0.001955 seconds.
  path: Assets/Prefabs/Laser.prefab
  artifactKey: Guid(5430e42aad50402418d585b5858ed122) Importer(815301076,1909f56bfc062723c751e8b465ee728b)
Start importing Assets/Prefabs/Laser.prefab using Guid(5430e42aad50402418d585b5858ed122) Importer(815301076,1909f56bfc062723c751e8b465ee728b)  -> (artifact id: '542a8ecf58ca8da13e3f7e0085c75824') in 0.012698 seconds
  Import took 0.017056 seconds .

========================================================================
Received Import Request.
  Time since last request: 0.581216 seconds.
  path: Assets/Prefabs/Laser.prefab
  artifactKey: Guid(5430e42aad50402418d585b5858ed122) Importer(815301076,1909f56bfc062723c751e8b465ee728b)
Start importing Assets/Prefabs/Laser.prefab using Guid(5430e42aad50402418d585b5858ed122) Importer(815301076,1909f56bfc062723c751e8b465ee728b)  -> (artifact id: '62c4780e4c47f419aeda878e4f59b759') in 0.017435 seconds
  Import took 0.020676 seconds .

========================================================================
Received Import Request.
  Time since last request: 0.002314 seconds.
  path: Assets/Prefabs/Laser.prefab
  artifactKey: Guid(5430e42aad50402418d585b5858ed122) Importer(815301076,1909f56bfc062723c751e8b465ee728b)
Start importing Assets/Prefabs/Laser.prefab using Guid(5430e42aad50402418d585b5858ed122) Importer(815301076,1909f56bfc062723c751e8b465ee728b)  -> (artifact id: '62c4780e4c47f419aeda878e4f59b759') in 0.012516 seconds
  Import took 0.015882 seconds .

========================================================================
Received Import Request.
  Time since last request: 2.386888 seconds.
  path: Assets/Prefabs/Laser.prefab
  artifactKey: Guid(5430e42aad50402418d585b5858ed122) Importer(815301076,1909f56bfc062723c751e8b465ee728b)
Start importing Assets/Prefabs/Laser.prefab using Guid(5430e42aad50402418d585b5858ed122) Importer(815301076,1909f56bfc062723c751e8b465ee728b)  -> (artifact id: '6727c98d22722054fb7dadbf3f6f7694') in 0.014361 seconds
  Import took 0.018542 seconds .

========================================================================
Received Import Request.
  Time since last request: 0.005604 seconds.
  path: Assets/Prefabs/Laser.prefab
  artifactKey: Guid(5430e42aad50402418d585b5858ed122) Importer(815301076,1909f56bfc062723c751e8b465ee728b)
Start importing Assets/Prefabs/Laser.prefab using Guid(5430e42aad50402418d585b5858ed122) Importer(815301076,1909f56bfc062723c751e8b465ee728b)  -> (artifact id: '6727c98d22722054fb7dadbf3f6f7694') in 0.012462 seconds
  Import took 0.015912 seconds .

========================================================================
Received Import Request.
  Time since last request: 10.349580 seconds.
  path: Assets/Prefabs/Laser.prefab
  artifactKey: Guid(5430e42aad50402418d585b5858ed122) Importer(815301076,1909f56bfc062723c751e8b465ee728b)
Start importing Assets/Prefabs/Laser.prefab using Guid(5430e42aad50402418d585b5858ed122) Importer(815301076,1909f56bfc062723c751e8b465ee728b)  -> (artifact id: '12519658bca41821830100e003751ce3') in 0.014768 seconds
  Import took 0.019118 seconds .

========================================================================
Received Import Request.
  Time since last request: 0.004736 seconds.
  path: Assets/Prefabs/Laser.prefab
  artifactKey: Guid(5430e42aad50402418d585b5858ed122) Importer(815301076,1909f56bfc062723c751e8b465ee728b)
Start importing Assets/Prefabs/Laser.prefab using Guid(5430e42aad50402418d585b5858ed122) Importer(815301076,1909f56bfc062723c751e8b465ee728b)  -> (artifact id: '12519658bca41821830100e003751ce3') in 0.011073 seconds
  Import took 0.014767 seconds .

========================================================================
Received Import Request.
  Time since last request: 2.371748 seconds.
  path: Assets/Prefabs/Laser.prefab
  artifactKey: Guid(5430e42aad50402418d585b5858ed122) Importer(815301076,1909f56bfc062723c751e8b465ee728b)
Start importing Assets/Prefabs/Laser.prefab using Guid(5430e42aad50402418d585b5858ed122) Importer(815301076,1909f56bfc062723c751e8b465ee728b)  -> (artifact id: '98ad4c82a4f102be8e3fb7e933d944f6') in 0.011075 seconds
  Import took 0.015071 seconds .

========================================================================
Received Import Request.
  Time since last request: 0.008917 seconds.
  path: Assets/Prefabs/Laser.prefab
  artifactKey: Guid(5430e42aad50402418d585b5858ed122) Importer(815301076,1909f56bfc062723c751e8b465ee728b)
Start importing Assets/Prefabs/Laser.prefab using Guid(5430e42aad50402418d585b5858ed122) Importer(815301076,1909f56bfc062723c751e8b465ee728b)  -> (artifact id: '98ad4c82a4f102be8e3fb7e933d944f6') in 0.011695 seconds
  Import took 0.015310 seconds .

========================================================================
Received Import Request.
  Time since last request: 1.614919 seconds.
  path: Assets/Prefabs/Laser.prefab
  artifactKey: Guid(5430e42aad50402418d585b5858ed122) Importer(815301076,1909f56bfc062723c751e8b465ee728b)
Start importing Assets/Prefabs/Laser.prefab using Guid(5430e42aad50402418d585b5858ed122) Importer(815301076,1909f56bfc062723c751e8b465ee728b)  -> (artifact id: '36f9152dfa465b1e6717aad2af8e083e') in 0.013927 seconds
  Import took 0.017904 seconds .

========================================================================
Received Import Request.
  Time since last request: 0.006549 seconds.
  path: Assets/Prefabs/Laser.prefab
  artifactKey: Guid(5430e42aad50402418d585b5858ed122) Importer(815301076,1909f56bfc062723c751e8b465ee728b)
Start importing Assets/Prefabs/Laser.prefab using Guid(5430e42aad50402418d585b5858ed122) Importer(815301076,1909f56bfc062723c751e8b465ee728b)  -> (artifact id: '36f9152dfa465b1e6717aad2af8e083e') in 0.011206 seconds
  Import took 0.015396 seconds .

========================================================================
Received Import Request.
  Time since last request: 5.835097 seconds.
  path: Assets/Prefabs/Laser.prefab
  artifactKey: Guid(5430e42aad50402418d585b5858ed122) Importer(815301076,1909f56bfc062723c751e8b465ee728b)
Start importing Assets/Prefabs/Laser.prefab using Guid(5430e42aad50402418d585b5858ed122) Importer(815301076,1909f56bfc062723c751e8b465ee728b)  -> (artifact id: 'bcee066a8dd659dd69319ce7777d1f7e') in 0.014347 seconds
  Import took 0.018583 seconds .

========================================================================
Received Import Request.
  Time since last request: 0.006204 seconds.
  path: Assets/Prefabs/Laser.prefab
  artifactKey: Guid(5430e42aad50402418d585b5858ed122) Importer(815301076,1909f56bfc062723c751e8b465ee728b)
Start importing Assets/Prefabs/Laser.prefab using Guid(5430e42aad50402418d585b5858ed122) Importer(815301076,1909f56bfc062723c751e8b465ee728b)  -> (artifact id: 'bcee066a8dd659dd69319ce7777d1f7e') in 0.011260 seconds
  Import took 0.015942 seconds .

========================================================================
Received Import Request.
  Time since last request: 3.615498 seconds.
  path: Assets/Prefabs/Laser.prefab
  artifactKey: Guid(5430e42aad50402418d585b5858ed122) Importer(815301076,1909f56bfc062723c751e8b465ee728b)
Start importing Assets/Prefabs/Laser.prefab using Guid(5430e42aad50402418d585b5858ed122) Importer(815301076,1909f56bfc062723c751e8b465ee728b)  -> (artifact id: '28c64752953bd7479939133dc8a65671') in 0.015499 seconds
  Import took 0.019592 seconds .

========================================================================
Received Import Request.
  Time since last request: 0.005055 seconds.
  path: Assets/Prefabs/Laser.prefab
  artifactKey: Guid(5430e42aad50402418d585b5858ed122) Importer(815301076,1909f56bfc062723c751e8b465ee728b)
Start importing Assets/Prefabs/Laser.prefab using Guid(5430e42aad50402418d585b5858ed122) Importer(815301076,1909f56bfc062723c751e8b465ee728b)  -> (artifact id: '28c64752953bd7479939133dc8a65671') in 0.011543 seconds
  Import took 0.016029 seconds .

========================================================================
Received Import Request.
  Time since last request: 5.417460 seconds.
  path: Assets/Prefabs/Laser.prefab
  artifactKey: Guid(5430e42aad50402418d585b5858ed122) Importer(815301076,1909f56bfc062723c751e8b465ee728b)
Start importing Assets/Prefabs/Laser.prefab using Guid(5430e42aad50402418d585b5858ed122) Importer(815301076,1909f56bfc062723c751e8b465ee728b)  -> (artifact id: 'f743673049f95f6f4cfaecefcb6f7c93') in 0.013890 seconds
  Import took 0.018000 seconds .

========================================================================
Received Import Request.
  Time since last request: 0.005500 seconds.
  path: Assets/Prefabs/Laser.prefab
  artifactKey: Guid(5430e42aad50402418d585b5858ed122) Importer(815301076,1909f56bfc062723c751e8b465ee728b)
Start importing Assets/Prefabs/Laser.prefab using Guid(5430e42aad50402418d585b5858ed122) Importer(815301076,1909f56bfc062723c751e8b465ee728b)  -> (artifact id: 'f743673049f95f6f4cfaecefcb6f7c93') in 0.010619 seconds
  Import took 0.014927 seconds .

========================================================================
Received Import Request.
  Time since last request: 2.210961 seconds.
  path: Assets/Prefabs/Laser.prefab
  artifactKey: Guid(5430e42aad50402418d585b5858ed122) Importer(815301076,1909f56bfc062723c751e8b465ee728b)
Start importing Assets/Prefabs/Laser.prefab using Guid(5430e42aad50402418d585b5858ed122) Importer(815301076,1909f56bfc062723c751e8b465ee728b)  -> (artifact id: 'bff22ff95ca023c32014e9b455b24aa2') in 0.015276 seconds
  Import took 0.019621 seconds .

========================================================================
Received Import Request.
  Time since last request: 0.005320 seconds.
  path: Assets/Prefabs/Laser.prefab
  artifactKey: Guid(5430e42aad50402418d585b5858ed122) Importer(815301076,1909f56bfc062723c751e8b465ee728b)
Start importing Assets/Prefabs/Laser.prefab using Guid(5430e42aad50402418d585b5858ed122) Importer(815301076,1909f56bfc062723c751e8b465ee728b)  -> (artifact id: 'bff22ff95ca023c32014e9b455b24aa2') in 0.010879 seconds
  Import took 0.015410 seconds .

========================================================================
Received Prepare
Registering precompiled user dll's ...
Registered in 0.001709 seconds.
Begin MonoManager ReloadAssembly
Native extension for WindowsStandalone target not found
Refreshing native plugins compatible for Editor in 0.34 ms, found 1 plugins.
Preloading 0 native plugins for Editor in 0.00 ms.
Invoked RoslynAnalysisRunner static constructor.
RoslynAnalysisRunner will not be running.
RoslynAnalysisRunner has terminated.
Mono: successfully reloaded assembly
- Completed reload, in  0.935 seconds
Platform modules already initialized, skipping
Refreshing native plugins compatible for Editor in 0.36 ms, found 1 plugins.
Preloading 0 native plugins for Editor in 0.00 ms.
Unloading 1786 Unused Serialized files (Serialized files now loaded: 0)
System memory in use before: 88.3 MB.
System memory in use after: 88.4 MB.

Unloading 7 unused Assets to reduce memory usage. Loaded Objects now: 2274.
Total: 2.208700 ms (FindLiveObjects: 0.218700 ms CreateObjectMapping: 0.069500 ms MarkObjects: 1.903700 ms  DeleteObjects: 0.015800 ms)

========================================================================
Received Import Request.
  Time since last request: 26.536884 seconds.
  path: Assets/Prefabs/Laser.prefab
  artifactKey: Guid(5430e42aad50402418d585b5858ed122) Importer(815301076,1909f56bfc062723c751e8b465ee728b)
Start importing Assets/Prefabs/Laser.prefab using Guid(5430e42aad50402418d585b5858ed122) Importer(815301076,1909f56bfc062723c751e8b465ee728b)  -> (artifact id: '9028b25d5387b28062893e26c9570418') in 0.067384 seconds
  Import took 0.071041 seconds .

========================================================================
Received Import Request.
  Time since last request: 0.673814 seconds.
  path: Assets/Prefabs/Laser.prefab
  artifactKey: Guid(5430e42aad50402418d585b5858ed122) Importer(815301076,1909f56bfc062723c751e8b465ee728b)
Start importing Assets/Prefabs/Laser.prefab using Guid(5430e42aad50402418d585b5858ed122) Importer(815301076,1909f56bfc062723c751e8b465ee728b)  -> (artifact id: 'faf04dd6095f4f3435d0d03eb22a220b') in 0.014672 seconds
  Import took 0.019336 seconds .

========================================================================
Received Import Request.
  Time since last request: 0.008769 seconds.
  path: Assets/Prefabs/Laser.prefab
  artifactKey: Guid(5430e42aad50402418d585b5858ed122) Importer(815301076,1909f56bfc062723c751e8b465ee728b)
Start importing Assets/Prefabs/Laser.prefab using Guid(5430e42aad50402418d585b5858ed122) Importer(815301076,1909f56bfc062723c751e8b465ee728b)  -> (artifact id: 'faf04dd6095f4f3435d0d03eb22a220b') in 0.012361 seconds
  Import took 0.015930 seconds .

========================================================================
Received Prepare
Registering precompiled user dll's ...
Registered in 0.001158 seconds.
Begin MonoManager ReloadAssembly
Native extension for WindowsStandalone target not found
Refreshing native plugins compatible for Editor in 0.34 ms, found 1 plugins.
Preloading 0 native plugins for Editor in 0.00 ms.
Invoked RoslynAnalysisRunner static constructor.
RoslynAnalysisRunner will not be running.
RoslynAnalysisRunner has terminated.
Mono: successfully reloaded assembly
- Completed reload, in  1.089 seconds
Platform modules already initialized, skipping
Refreshing native plugins compatible for Editor in 0.34 ms, found 1 plugins.
Preloading 0 native plugins for Editor in 0.00 ms.
Unloading 1786 Unused Serialized files (Serialized files now loaded: 0)
System memory in use before: 88.4 MB.
System memory in use after: 88.5 MB.

Unloading 7 unused Assets to reduce memory usage. Loaded Objects now: 2278.
Total: 1.846800 ms (FindLiveObjects: 0.200100 ms CreateObjectMapping: 0.067200 ms MarkObjects: 1.548500 ms  DeleteObjects: 0.030000 ms)

========================================================================
Received Import Request.
  Time since last request: 105.003709 seconds.
  path: Assets/Scripts/ScrollScript.cs
  artifactKey: Guid(f7622c1cf194d234f94806dfb459e6fd) Importer(815301076,1909f56bfc062723c751e8b465ee728b)
Start importing Assets/Scripts/ScrollScript.cs using Guid(f7622c1cf194d234f94806dfb459e6fd) Importer(815301076,1909f56bfc062723c751e8b465ee728b)  -> (artifact id: '586f30d94236e9123e6dfc92c962d987') in 0.004698 seconds
  Import took 0.007609 seconds .

========================================================================
Received Prepare
Registering precompiled user dll's ...
Registered in 0.001265 seconds.
Begin MonoManager ReloadAssembly
Native extension for WindowsStandalone target not found
Refreshing native plugins compatible for Editor in 0.34 ms, found 1 plugins.
Preloading 0 native plugins for Editor in 0.00 ms.
Invoked RoslynAnalysisRunner static constructor.
RoslynAnalysisRunner will not be running.
RoslynAnalysisRunner has terminated.
Mono: successfully reloaded assembly
- Completed reload, in  0.959 seconds
Platform modules already initialized, skipping
Refreshing native plugins compatible for Editor in 0.36 ms, found 1 plugins.
Preloading 0 native plugins for Editor in 0.00 ms.
Unloading 1786 Unused Serialized files (Serialized files now loaded: 0)
System memory in use before: 88.6 MB.
System memory in use after: 88.7 MB.

Unloading 7 unused Assets to reduce memory usage. Loaded Objects now: 2281.
Total: 2.700100 ms (FindLiveObjects: 0.301500 ms CreateObjectMapping: 0.137200 ms MarkObjects: 2.229800 ms  DeleteObjects: 0.030200 ms)

========================================================================
Received Import Request.
  Time since last request: 69.310877 seconds.
  path: Assets/Scripts/ScrollScript.cs
  artifactKey: Guid(f7622c1cf194d234f94806dfb459e6fd) Importer(815301076,1909f56bfc062723c751e8b465ee728b)
Start importing Assets/Scripts/ScrollScript.cs using Guid(f7622c1cf194d234f94806dfb459e6fd) Importer(815301076,1909f56bfc062723c751e8b465ee728b)  -> (artifact id: '250997385574603b211ccdb548ed92ad') in 0.004781 seconds
  Import took 0.007879 seconds .

========================================================================
Received Prepare
Registering precompiled user dll's ...
Registered in 0.001181 seconds.
Begin MonoManager ReloadAssembly
Native extension for WindowsStandalone target not found
Refreshing native plugins compatible for Editor in 0.35 ms, found 1 plugins.
Preloading 0 native plugins for Editor in 0.00 ms.
Invoked RoslynAnalysisRunner static constructor.
RoslynAnalysisRunner will not be running.
RoslynAnalysisRunner has terminated.
Mono: successfully reloaded assembly
- Completed reload, in  0.931 seconds
Platform modules already initialized, skipping
Refreshing native plugins compatible for Editor in 0.44 ms, found 1 plugins.
Preloading 0 native plugins for Editor in 0.00 ms.
Unloading 1786 Unused Serialized files (Serialized files now loaded: 0)
System memory in use before: 88.7 MB.
System memory in use after: 88.8 MB.

Unloading 7 unused Assets to reduce memory usage. Loaded Objects now: 2284.
Total: 2.072500 ms (FindLiveObjects: 0.187300 ms CreateObjectMapping: 0.073200 ms MarkObjects: 1.791200 ms  DeleteObjects: 0.019000 ms)

========================================================================
Received Prepare
Registering precompiled user dll's ...
Registered in 0.002387 seconds.
Begin MonoManager ReloadAssembly
Native extension for WindowsStandalone target not found
Refreshing native plugins compatible for Editor in 0.38 ms, found 1 plugins.
Preloading 0 native plugins for Editor in 0.00 ms.
Invoked RoslynAnalysisRunner static constructor.
RoslynAnalysisRunner will not be running.
RoslynAnalysisRunner has terminated.
Mono: successfully reloaded assembly
- Completed reload, in  0.933 seconds
Platform modules already initialized, skipping
Refreshing native plugins compatible for Editor in 0.34 ms, found 1 plugins.
Preloading 0 native plugins for Editor in 0.00 ms.
Unloading 1786 Unused Serialized files (Serialized files now loaded: 0)
System memory in use before: 88.8 MB.
System memory in use after: 88.9 MB.

Unloading 7 unused Assets to reduce memory usage. Loaded Objects now: 2287.
Total: 1.816800 ms (FindLiveObjects: 0.181900 ms CreateObjectMapping: 0.062600 ms MarkObjects: 1.555700 ms  DeleteObjects: 0.015600 ms)

========================================================================
Received Prepare
Registering precompiled user dll's ...
Registered in 0.001171 seconds.
Begin MonoManager ReloadAssembly
Native extension for WindowsStandalone target not found
Refreshing native plugins compatible for Editor in 0.33 ms, found 1 plugins.
Preloading 0 native plugins for Editor in 0.00 ms.
Invoked RoslynAnalysisRunner static constructor.
RoslynAnalysisRunner will not be running.
RoslynAnalysisRunner has terminated.
Mono: successfully reloaded assembly
- Completed reload, in  0.918 seconds
Platform modules already initialized, skipping
Refreshing native plugins compatible for Editor in 0.34 ms, found 1 plugins.
Preloading 0 native plugins for Editor in 0.00 ms.
Unloading 1786 Unused Serialized files (Serialized files now loaded: 0)
System memory in use before: 89.0 MB.
System memory in use after: 89.1 MB.

Unloading 7 unused Assets to reduce memory usage. Loaded Objects now: 2290.
Total: 3.432400 ms (FindLiveObjects: 0.973500 ms CreateObjectMapping: 0.505000 ms MarkObjects: 1.918200 ms  DeleteObjects: 0.033300 ms)

========================================================================
Received Prepare
Registering precompiled user dll's ...
Registered in 0.001385 seconds.
Begin MonoManager ReloadAssembly
Native extension for WindowsStandalone target not found
Refreshing native plugins compatible for Editor in 0.48 ms, found 1 plugins.
Preloading 0 native plugins for Editor in 0.00 ms.
Invoked RoslynAnalysisRunner static constructor.
RoslynAnalysisRunner will not be running.
RoslynAnalysisRunner has terminated.
Mono: successfully reloaded assembly
- Completed reload, in  0.996 seconds
Platform modules already initialized, skipping
Refreshing native plugins compatible for Editor in 0.55 ms, found 1 plugins.
Preloading 0 native plugins for Editor in 0.00 ms.
Unloading 1786 Unused Serialized files (Serialized files now loaded: 0)
System memory in use before: 89.1 MB.
System memory in use after: 89.2 MB.

Unloading 7 unused Assets to reduce memory usage. Loaded Objects now: 2293.
Total: 1.853800 ms (FindLiveObjects: 0.180600 ms CreateObjectMapping: 0.057800 ms MarkObjects: 1.599200 ms  DeleteObjects: 0.015100 ms)

========================================================================
Received Import Request.
  Time since last request: 3436.455670 seconds.
  path: Assets/Scripts/Enemies.cs
  artifactKey: Guid(d9ce97ef416012a4eb50de18745b16bb) Importer(815301076,1909f56bfc062723c751e8b465ee728b)
Start importing Assets/Scripts/Enemies.cs using Guid(d9ce97ef416012a4eb50de18745b16bb) Importer(815301076,1909f56bfc062723c751e8b465ee728b)  -> (artifact id: '636796f39f9c0823e50a5e741a0d006e') in 0.008775 seconds
  Import took 0.012185 seconds .

========================================================================
Received Prepare
Registering precompiled user dll's ...
Registered in 0.001149 seconds.
Begin MonoManager ReloadAssembly
Native extension for WindowsStandalone target not found
Refreshing native plugins compatible for Editor in 0.35 ms, found 1 plugins.
Preloading 0 native plugins for Editor in 0.00 ms.
Invoked RoslynAnalysisRunner static constructor.
RoslynAnalysisRunner will not be running.
RoslynAnalysisRunner has terminated.
Mono: successfully reloaded assembly
- Completed reload, in  0.926 seconds
Platform modules already initialized, skipping
Refreshing native plugins compatible for Editor in 0.37 ms, found 1 plugins.
Preloading 0 native plugins for Editor in 0.00 ms.
Unloading 1786 Unused Serialized files (Serialized files now loaded: 0)
System memory in use before: 89.2 MB.
System memory in use after: 89.3 MB.

Unloading 7 unused Assets to reduce memory usage. Loaded Objects now: 2296.
Total: 3.122500 ms (FindLiveObjects: 0.963500 ms CreateObjectMapping: 0.180000 ms MarkObjects: 1.957800 ms  DeleteObjects: 0.019800 ms)

========================================================================
Received Import Request.
  Time since last request: 83.897348 seconds.
  path: Assets/Scripts/Enemies.cs
  artifactKey: Guid(d9ce97ef416012a4eb50de18745b16bb) Importer(815301076,1909f56bfc062723c751e8b465ee728b)
Start importing Assets/Scripts/Enemies.cs using Guid(d9ce97ef416012a4eb50de18745b16bb) Importer(815301076,1909f56bfc062723c751e8b465ee728b)  -> (artifact id: '14eb7fb11b1b48aef69d14cf042a82f6') in 0.004497 seconds
  Import took 0.007413 seconds .

========================================================================
Received Prepare
Registering precompiled user dll's ...
Registered in 0.001263 seconds.
Begin MonoManager ReloadAssembly
Native extension for WindowsStandalone target not found
Refreshing native plugins compatible for Editor in 0.34 ms, found 1 plugins.
Preloading 0 native plugins for Editor in 0.00 ms.
Invoked RoslynAnalysisRunner static constructor.
RoslynAnalysisRunner will not be running.
RoslynAnalysisRunner has terminated.
Mono: successfully reloaded assembly
- Completed reload, in  1.020 seconds
Platform modules already initialized, skipping
Refreshing native plugins compatible for Editor in 0.34 ms, found 1 plugins.
Preloading 0 native plugins for Editor in 0.00 ms.
Unloading 1786 Unused Serialized files (Serialized files now loaded: 0)
System memory in use before: 89.4 MB.
System memory in use after: 89.5 MB.

Unloading 7 unused Assets to reduce memory usage. Loaded Objects now: 2299.
Total: 1.841700 ms (FindLiveObjects: 0.193500 ms CreateObjectMapping: 0.078800 ms MarkObjects: 1.552400 ms  DeleteObjects: 0.016000 ms)

========================================================================
Received Prepare
Registering precompiled user dll's ...
Registered in 0.001152 seconds.
Begin MonoManager ReloadAssembly
Native extension for WindowsStandalone target not found
Refreshing native plugins compatible for Editor in 0.34 ms, found 1 plugins.
Preloading 0 native plugins for Editor in 0.00 ms.
Invoked RoslynAnalysisRunner static constructor.
RoslynAnalysisRunner will not be running.
RoslynAnalysisRunner has terminated.
Mono: successfully reloaded assembly
- Completed reload, in  0.942 seconds
Platform modules already initialized, skipping
Refreshing native plugins compatible for Editor in 0.36 ms, found 1 plugins.
Preloading 0 native plugins for Editor in 0.00 ms.
Unloading 1785 Unused Serialized files (Serialized files now loaded: 0)
System memory in use before: 89.5 MB.
System memory in use after: 89.6 MB.

Unloading 8 unused Assets to reduce memory usage. Loaded Objects now: 2301.
Total: 1.943000 ms (FindLiveObjects: 0.184800 ms CreateObjectMapping: 0.068000 ms MarkObjects: 1.648300 ms  DeleteObjects: 0.040800 ms)

========================================================================
Received Prepare
Registering precompiled user dll's ...
Registered in 0.001140 seconds.
Begin MonoManager ReloadAssembly
Native extension for WindowsStandalone target not found
Refreshing native plugins compatible for Editor in 0.44 ms, found 1 plugins.
Preloading 0 native plugins for Editor in 0.00 ms.
Invoked RoslynAnalysisRunner static constructor.
RoslynAnalysisRunner will not be running.
RoslynAnalysisRunner has terminated.
Mono: successfully reloaded assembly
- Completed reload, in  1.178 seconds
Platform modules already initialized, skipping
Refreshing native plugins compatible for Editor in 0.36 ms, found 1 plugins.
Preloading 0 native plugins for Editor in 0.00 ms.
Unloading 1785 Unused Serialized files (Serialized files now loaded: 0)
System memory in use before: 88.6 MB.
System memory in use after: 88.7 MB.

Unloading 7 unused Assets to reduce memory usage. Loaded Objects now: 2304.
Total: 2.367300 ms (FindLiveObjects: 0.239000 ms CreateObjectMapping: 0.079700 ms MarkObjects: 1.983200 ms  DeleteObjects: 0.063600 ms)

========================================================================
Received Import Request.
  Time since last request: 283.637811 seconds.
  path: Assets/Scripts/Boundary.cs
  artifactKey: Guid(a4877a10219a05c49a17d5a50190d287) Importer(815301076,1909f56bfc062723c751e8b465ee728b)
Start importing Assets/Scripts/Boundary.cs using Guid(a4877a10219a05c49a17d5a50190d287) Importer(815301076,1909f56bfc062723c751e8b465ee728b)  -> (artifact id: 'fd0f1a0bbc9f317bb2e8b44128a642e3') in 0.010364 seconds
  Import took 0.013629 seconds .

========================================================================
Received Import Request.
  Time since last request: 149.110946 seconds.
  path: Assets/Scripts/Projectile.cs
  artifactKey: Guid(3218ca6a8ece471489e81ca76ea99817) Importer(815301076,1909f56bfc062723c751e8b465ee728b)
Start importing Assets/Scripts/Projectile.cs using Guid(3218ca6a8ece471489e81ca76ea99817) Importer(815301076,1909f56bfc062723c751e8b465ee728b)  -> (artifact id: 'ecafed8e7c085cddb2009ac39cf455c4') in 0.008064 seconds
  Import took 0.013216 seconds .

========================================================================
Received Prepare
Registering precompiled user dll's ...
Registered in 0.001194 seconds.
Begin MonoManager ReloadAssembly
Native extension for WindowsStandalone target not found
Refreshing native plugins compatible for Editor in 0.38 ms, found 1 plugins.
Preloading 0 native plugins for Editor in 0.00 ms.
Invoked RoslynAnalysisRunner static constructor.
RoslynAnalysisRunner will not be running.
RoslynAnalysisRunner has terminated.
Mono: successfully reloaded assembly
- Completed reload, in  0.976 seconds
Platform modules already initialized, skipping
Refreshing native plugins compatible for Editor in 0.43 ms, found 1 plugins.
Preloading 0 native plugins for Editor in 0.00 ms.
Unloading 1785 Unused Serialized files (Serialized files now loaded: 0)
System memory in use before: 88.7 MB.
System memory in use after: 88.8 MB.

Unloading 7 unused Assets to reduce memory usage. Loaded Objects now: 2307.
Total: 2.227500 ms (FindLiveObjects: 0.192900 ms CreateObjectMapping: 0.076100 ms MarkObjects: 1.933200 ms  DeleteObjects: 0.023300 ms)

========================================================================
Received Prepare
Registering precompiled user dll's ...
Registered in 0.001122 seconds.
Begin MonoManager ReloadAssembly
Native extension for WindowsStandalone target not found
Refreshing native plugins compatible for Editor in 0.44 ms, found 1 plugins.
Preloading 0 native plugins for Editor in 0.00 ms.
Invoked RoslynAnalysisRunner static constructor.
RoslynAnalysisRunner will not be running.
RoslynAnalysisRunner has terminated.
Mono: successfully reloaded assembly
- Completed reload, in  0.981 seconds
Platform modules already initialized, skipping
Refreshing native plugins compatible for Editor in 0.44 ms, found 1 plugins.
Preloading 0 native plugins for Editor in 0.00 ms.
Unloading 1785 Unused Serialized files (Serialized files now loaded: 0)
System memory in use before: 88.9 MB.
System memory in use after: 89.0 MB.

Unloading 7 unused Assets to reduce memory usage. Loaded Objects now: 2310.
Total: 2.152400 ms (FindLiveObjects: 0.244700 ms CreateObjectMapping: 0.114800 ms MarkObjects: 1.754800 ms  DeleteObjects: 0.037200 ms)

========================================================================
Received Import Request.
  Time since last request: 2321.443940 seconds.
  path: Assets/Scripts/Projectile.cs
  artifactKey: Guid(3218ca6a8ece471489e81ca76ea99817) Importer(815301076,1909f56bfc062723c751e8b465ee728b)
Start importing Assets/Scripts/Projectile.cs using Guid(3218ca6a8ece471489e81ca76ea99817) Importer(815301076,1909f56bfc062723c751e8b465ee728b)  -> (artifact id: '6fae0920f9d3f76fd24ed6363c5da680') in 0.006553 seconds
  Import took 0.010197 seconds .

========================================================================
Received Import Request.
  Time since last request: 0.025170 seconds.
  path: Assets/Scripts/Projectile.cs
  artifactKey: Guid(3218ca6a8ece471489e81ca76ea99817) Importer(815301076,1909f56bfc062723c751e8b465ee728b)
Start importing Assets/Scripts/Projectile.cs using Guid(3218ca6a8ece471489e81ca76ea99817) Importer(815301076,1909f56bfc062723c751e8b465ee728b)  -> (artifact id: '6fae0920f9d3f76fd24ed6363c5da680') in 0.003575 seconds
  Import took 0.007086 seconds .

========================================================================
Received Prepare
Registering precompiled user dll's ...
Registered in 0.001444 seconds.
Begin MonoManager ReloadAssembly
Native extension for WindowsStandalone target not found
Refreshing native plugins compatible for Editor in 0.33 ms, found 1 plugins.
Preloading 0 native plugins for Editor in 0.00 ms.
Invoked RoslynAnalysisRunner static constructor.
RoslynAnalysisRunner will not be running.
RoslynAnalysisRunner has terminated.
Mono: successfully reloaded assembly
- Completed reload, in  0.998 seconds
Platform modules already initialized, skipping
Refreshing native plugins compatible for Editor in 0.36 ms, found 1 plugins.
Preloading 0 native plugins for Editor in 0.00 ms.
Unloading 1785 Unused Serialized files (Serialized files now loaded: 0)
System memory in use before: 89.0 MB.
System memory in use after: 89.1 MB.

Unloading 7 unused Assets to reduce memory usage. Loaded Objects now: 2313.
Total: 1.931300 ms (FindLiveObjects: 0.195500 ms CreateObjectMapping: 0.067700 ms MarkObjects: 1.650500 ms  DeleteObjects: 0.016100 ms)

========================================================================
Received Prepare
Registering precompiled user dll's ...
Registered in 0.001290 seconds.
Begin MonoManager ReloadAssembly
Native extension for WindowsStandalone target not found
Refreshing native plugins compatible for Editor in 0.34 ms, found 1 plugins.
Preloading 0 native plugins for Editor in 0.00 ms.
Invoked RoslynAnalysisRunner static constructor.
RoslynAnalysisRunner will not be running.
RoslynAnalysisRunner has terminated.
Mono: successfully reloaded assembly
- Completed reload, in  0.961 seconds
Platform modules already initialized, skipping
Refreshing native plugins compatible for Editor in 0.41 ms, found 1 plugins.
Preloading 0 native plugins for Editor in 0.00 ms.
Unloading 1785 Unused Serialized files (Serialized files now loaded: 0)
System memory in use before: 89.1 MB.
System memory in use after: 89.2 MB.

Unloading 7 unused Assets to reduce memory usage. Loaded Objects now: 2316.
Total: 2.135600 ms (FindLiveObjects: 0.288000 ms CreateObjectMapping: 0.091400 ms MarkObjects: 1.736000 ms  DeleteObjects: 0.019000 ms)

========================================================================
Received Prepare
Registering precompiled user dll's ...
Registered in 0.001254 seconds.
Begin MonoManager ReloadAssembly
Native extension for WindowsStandalone target not found
Refreshing native plugins compatible for Editor in 0.34 ms, found 1 plugins.
Preloading 0 native plugins for Editor in 0.00 ms.
Invoked RoslynAnalysisRunner static constructor.
RoslynAnalysisRunner will not be running.
RoslynAnalysisRunner has terminated.
Mono: successfully reloaded assembly
- Completed reload, in  0.907 seconds
Platform modules already initialized, skipping
Refreshing native plugins compatible for Editor in 0.34 ms, found 1 plugins.
Preloading 0 native plugins for Editor in 0.00 ms.
Unloading 1785 Unused Serialized files (Serialized files now loaded: 0)
System memory in use before: 89.3 MB.
System memory in use after: 89.4 MB.

Unloading 7 unused Assets to reduce memory usage. Loaded Objects now: 2319.
Total: 1.921700 ms (FindLiveObjects: 0.195200 ms CreateObjectMapping: 0.075900 ms MarkObjects: 1.633200 ms  DeleteObjects: 0.016500 ms)

========================================================================
Received Prepare
Registering precompiled user dll's ...
Registered in 0.001174 seconds.
Begin MonoManager ReloadAssembly
Native extension for WindowsStandalone target not found
Refreshing native plugins compatible for Editor in 0.36 ms, found 1 plugins.
Preloading 0 native plugins for Editor in 0.00 ms.
Invoked RoslynAnalysisRunner static constructor.
RoslynAnalysisRunner will not be running.
RoslynAnalysisRunner has terminated.
Mono: successfully reloaded assembly
- Completed reload, in  0.913 seconds
Platform modules already initialized, skipping
Refreshing native plugins compatible for Editor in 0.36 ms, found 1 plugins.
Preloading 0 native plugins for Editor in 0.00 ms.
Unloading 1785 Unused Serialized files (Serialized files now loaded: 0)
System memory in use before: 89.4 MB.
System memory in use after: 89.5 MB.

Unloading 7 unused Assets to reduce memory usage. Loaded Objects now: 2322.
Total: 2.344100 ms (FindLiveObjects: 0.198700 ms CreateObjectMapping: 0.067000 ms MarkObjects: 2.031900 ms  DeleteObjects: 0.045200 ms)

========================================================================
Received Prepare
Registering precompiled user dll's ...
Registered in 0.001139 seconds.
Begin MonoManager ReloadAssembly
Native extension for WindowsStandalone target not found
Refreshing native plugins compatible for Editor in 0.37 ms, found 1 plugins.
Preloading 0 native plugins for Editor in 0.00 ms.
Invoked RoslynAnalysisRunner static constructor.
RoslynAnalysisRunner will not be running.
RoslynAnalysisRunner has terminated.
Mono: successfully reloaded assembly
- Completed reload, in  0.912 seconds
Platform modules already initialized, skipping
Refreshing native plugins compatible for Editor in 0.37 ms, found 1 plugins.
Preloading 0 native plugins for Editor in 0.00 ms.
Unloading 1785 Unused Serialized files (Serialized files now loaded: 0)
System memory in use before: 89.4 MB.
System memory in use after: 89.5 MB.

Unloading 7 unused Assets to reduce memory usage. Loaded Objects now: 2325.
Total: 2.026000 ms (FindLiveObjects: 0.233400 ms CreateObjectMapping: 0.075000 ms MarkObjects: 1.700900 ms  DeleteObjects: 0.015700 ms)

========================================================================
Received Prepare
Registering precompiled user dll's ...
Registered in 0.001156 seconds.
Begin MonoManager ReloadAssembly
Native extension for WindowsStandalone target not found
Refreshing native plugins compatible for Editor in 0.34 ms, found 1 plugins.
Preloading 0 native plugins for Editor in 0.00 ms.
Invoked RoslynAnalysisRunner static constructor.
RoslynAnalysisRunner will not be running.
RoslynAnalysisRunner has terminated.
Mono: successfully reloaded assembly
- Completed reload, in  0.932 seconds
Platform modules already initialized, skipping
Refreshing native plugins compatible for Editor in 0.35 ms, found 1 plugins.
Preloading 0 native plugins for Editor in 0.00 ms.
Unloading 1785 Unused Serialized files (Serialized files now loaded: 0)
System memory in use before: 88.7 MB.
System memory in use after: 88.8 MB.

Unloading 7 unused Assets to reduce memory usage. Loaded Objects now: 2328.
Total: 2.301200 ms (FindLiveObjects: 0.207100 ms CreateObjectMapping: 0.081400 ms MarkObjects: 1.979300 ms  DeleteObjects: 0.032200 ms)

========================================================================
Received Prepare
Registering precompiled user dll's ...
Registered in 0.001196 seconds.
Begin MonoManager ReloadAssembly
Native extension for WindowsStandalone target not found
Refreshing native plugins compatible for Editor in 0.51 ms, found 1 plugins.
Preloading 0 native plugins for Editor in 0.00 ms.
Invoked RoslynAnalysisRunner static constructor.
RoslynAnalysisRunner will not be running.
RoslynAnalysisRunner has terminated.
Mono: successfully reloaded assembly
- Completed reload, in  1.249 seconds
Platform modules already initialized, skipping
Refreshing native plugins compatible for Editor in 0.34 ms, found 1 plugins.
Preloading 0 native plugins for Editor in 0.00 ms.
Unloading 1785 Unused Serialized files (Serialized files now loaded: 0)
System memory in use before: 88.8 MB.
System memory in use after: 88.9 MB.

Unloading 7 unused Assets to reduce memory usage. Loaded Objects now: 2331.
Total: 1.865000 ms (FindLiveObjects: 0.186400 ms CreateObjectMapping: 0.063700 ms MarkObjects: 1.598800 ms  DeleteObjects: 0.014900 ms)

========================================================================
Received Import Request.
  Time since last request: 1441.264576 seconds.
  path: Assets/Scripts/Projectile.cs
  artifactKey: Guid(3218ca6a8ece471489e81ca76ea99817) Importer(815301076,1909f56bfc062723c751e8b465ee728b)
Start importing Assets/Scripts/Projectile.cs using Guid(3218ca6a8ece471489e81ca76ea99817) Importer(815301076,1909f56bfc062723c751e8b465ee728b)  -> (artifact id: '1773eac3d58aedf9a842c377fe50560d') in 0.009177 seconds
  Import took 0.014038 seconds .

========================================================================
Received Prepare
Registering precompiled user dll's ...
Registered in 0.001203 seconds.
Begin MonoManager ReloadAssembly
Native extension for WindowsStandalone target not found
Refreshing native plugins compatible for Editor in 0.32 ms, found 1 plugins.
Preloading 0 native plugins for Editor in 0.00 ms.
Invoked RoslynAnalysisRunner static constructor.
RoslynAnalysisRunner will not be running.
RoslynAnalysisRunner has terminated.
Mono: successfully reloaded assembly
- Completed reload, in  0.916 seconds
Platform modules already initialized, skipping
Refreshing native plugins compatible for Editor in 0.35 ms, found 1 plugins.
Preloading 0 native plugins for Editor in 0.00 ms.
Unloading 1785 Unused Serialized files (Serialized files now loaded: 0)
System memory in use before: 88.9 MB.
System memory in use after: 89.0 MB.

Unloading 7 unused Assets to reduce memory usage. Loaded Objects now: 2334.
Total: 2.133600 ms (FindLiveObjects: 0.217000 ms CreateObjectMapping: 0.079200 ms MarkObjects: 1.804700 ms  DeleteObjects: 0.031200 ms)

========================================================================
Received Prepare
Registering precompiled user dll's ...
Registered in 0.001365 seconds.
Begin MonoManager ReloadAssembly
Native extension for WindowsStandalone target not found
Refreshing native plugins compatible for Editor in 0.34 ms, found 1 plugins.
Preloading 0 native plugins for Editor in 0.00 ms.
Invoked RoslynAnalysisRunner static constructor.
RoslynAnalysisRunner will not be running.
RoslynAnalysisRunner has terminated.
Mono: successfully reloaded assembly
- Completed reload, in  0.942 seconds
Platform modules already initialized, skipping
Refreshing native plugins compatible for Editor in 0.39 ms, found 1 plugins.
Preloading 0 native plugins for Editor in 0.00 ms.
Unloading 1785 Unused Serialized files (Serialized files now loaded: 0)
System memory in use before: 89.1 MB.
System memory in use after: 89.2 MB.

Unloading 7 unused Assets to reduce memory usage. Loaded Objects now: 2337.
Total: 2.117800 ms (FindLiveObjects: 0.198600 ms CreateObjectMapping: 0.071000 ms MarkObjects: 1.828000 ms  DeleteObjects: 0.018400 ms)

========================================================================
Received Prepare
Registering precompiled user dll's ...
Registered in 0.001157 seconds.
Begin MonoManager ReloadAssembly
Native extension for WindowsStandalone target not found
Refreshing native plugins compatible for Editor in 0.36 ms, found 1 plugins.
Preloading 0 native plugins for Editor in 0.00 ms.
Invoked RoslynAnalysisRunner static constructor.
RoslynAnalysisRunner will not be running.
RoslynAnalysisRunner has terminated.
Mono: successfully reloaded assembly
- Completed reload, in  0.904 seconds
Platform modules already initialized, skipping
Refreshing native plugins compatible for Editor in 0.34 ms, found 1 plugins.
Preloading 0 native plugins for Editor in 0.00 ms.
Unloading 1785 Unused Serialized files (Serialized files now loaded: 0)
System memory in use before: 89.2 MB.
System memory in use after: 89.3 MB.

Unloading 7 unused Assets to reduce memory usage. Loaded Objects now: 2340.
Total: 1.858700 ms (FindLiveObjects: 0.182800 ms CreateObjectMapping: 0.071200 ms MarkObjects: 1.587900 ms  DeleteObjects: 0.015400 ms)

========================================================================
Received Import Request.
  Time since last request: 130.002821 seconds.
  path: Assets/Scripts/Enemies.cs
  artifactKey: Guid(d9ce97ef416012a4eb50de18745b16bb) Importer(815301076,1909f56bfc062723c751e8b465ee728b)
Start importing Assets/Scripts/Enemies.cs using Guid(d9ce97ef416012a4eb50de18745b16bb) Importer(815301076,1909f56bfc062723c751e8b465ee728b)  -> (artifact id: '6340708cb9d2253fd31ec5428d72b582') in 0.012051 seconds
  Import took 0.016243 seconds .

========================================================================
Received Import Request.
  Time since last request: 0.000318 seconds.
  path: Assets/Scripts/Enemies.cs
  artifactKey: Guid(d9ce97ef416012a4eb50de18745b16bb) Importer(815301076,1909f56bfc062723c751e8b465ee728b)
Start importing Assets/Scripts/Enemies.cs using Guid(d9ce97ef416012a4eb50de18745b16bb) Importer(815301076,1909f56bfc062723c751e8b465ee728b)  -> (artifact id: '6340708cb9d2253fd31ec5428d72b582') in 0.004058 seconds
  Import took 0.007334 seconds .

========================================================================
Received Import Request.
  Time since last request: 35.741044 seconds.
  path: Assets/Prefabs/Laser.prefab
  artifactKey: Guid(5430e42aad50402418d585b5858ed122) Importer(815301076,1909f56bfc062723c751e8b465ee728b)
Start importing Assets/Prefabs/Laser.prefab using Guid(5430e42aad50402418d585b5858ed122) Importer(815301076,1909f56bfc062723c751e8b465ee728b)  -> (artifact id: 'eb0185974da56e50df7c0c2fbd9f49b1') in 0.073772 seconds
  Import took 0.077333 seconds .

========================================================================
Received Prepare
Registering precompiled user dll's ...
Registered in 0.001184 seconds.
Begin MonoManager ReloadAssembly
Native extension for WindowsStandalone target not found
Refreshing native plugins compatible for Editor in 0.34 ms, found 1 plugins.
Preloading 0 native plugins for Editor in 0.00 ms.
Invoked RoslynAnalysisRunner static constructor.
RoslynAnalysisRunner will not be running.
RoslynAnalysisRunner has terminated.
Mono: successfully reloaded assembly
- Completed reload, in  0.969 seconds
Platform modules already initialized, skipping
Refreshing native plugins compatible for Editor in 0.35 ms, found 1 plugins.
Preloading 0 native plugins for Editor in 0.00 ms.
Unloading 1785 Unused Serialized files (Serialized files now loaded: 0)
System memory in use before: 89.3 MB.
System memory in use after: 89.4 MB.

Unloading 7 unused Assets to reduce memory usage. Loaded Objects now: 2344.
Total: 2.007100 ms (FindLiveObjects: 0.207900 ms CreateObjectMapping: 0.089700 ms MarkObjects: 1.691900 ms  DeleteObjects: 0.016300 ms)

========================================================================
Received Prepare
Registering precompiled user dll's ...
Registered in 0.001182 seconds.
Begin MonoManager ReloadAssembly
Native extension for WindowsStandalone target not found
Refreshing native plugins compatible for Editor in 0.34 ms, found 1 plugins.
Preloading 0 native plugins for Editor in 0.00 ms.
Invoked RoslynAnalysisRunner static constructor.
RoslynAnalysisRunner will not be running.
RoslynAnalysisRunner has terminated.
Mono: successfully reloaded assembly
- Completed reload, in  0.955 seconds
Platform modules already initialized, skipping
Refreshing native plugins compatible for Editor in 0.35 ms, found 1 plugins.
Preloading 0 native plugins for Editor in 0.00 ms.
Unloading 1785 Unused Serialized files (Serialized files now loaded: 0)
System memory in use before: 89.5 MB.
System memory in use after: 89.6 MB.

Unloading 7 unused Assets to reduce memory usage. Loaded Objects now: 2347.
Total: 2.192200 ms (FindLiveObjects: 0.191200 ms CreateObjectMapping: 0.073800 ms MarkObjects: 1.889600 ms  DeleteObjects: 0.036500 ms)

========================================================================
Received Prepare
Registering precompiled user dll's ...
Registered in 0.001759 seconds.
Begin MonoManager ReloadAssembly
Native extension for WindowsStandalone target not found
Refreshing native plugins compatible for Editor in 0.79 ms, found 1 plugins.
Preloading 0 native plugins for Editor in 0.00 ms.
Invoked RoslynAnalysisRunner static constructor.
RoslynAnalysisRunner will not be running.
RoslynAnalysisRunner has terminated.
Mono: successfully reloaded assembly
- Completed reload, in  1.052 seconds
Platform modules already initialized, skipping
Refreshing native plugins compatible for Editor in 0.34 ms, found 1 plugins.
Preloading 0 native plugins for Editor in 0.00 ms.
Unloading 1785 Unused Serialized files (Serialized files now loaded: 0)
System memory in use before: 89.5 MB.
System memory in use after: 89.6 MB.

Unloading 7 unused Assets to reduce memory usage. Loaded Objects now: 2350.
Total: 2.036200 ms (FindLiveObjects: 0.188600 ms CreateObjectMapping: 0.066600 ms MarkObjects: 1.764100 ms  DeleteObjects: 0.015900 ms)

========================================================================
Received Import Request.
  Time since last request: 1682.231715 seconds.
  path: Assets/Scripts/Score.cs
  artifactKey: Guid(0bb9ba81fb1fe634e8a8c99657cb9b42) Importer(815301076,1909f56bfc062723c751e8b465ee728b)
Start importing Assets/Scripts/Score.cs using Guid(0bb9ba81fb1fe634e8a8c99657cb9b42) Importer(815301076,1909f56bfc062723c751e8b465ee728b)  -> (artifact id: '4f2ada281a97fbdaec0336e5a1607ebf') in 0.017850 seconds
  Import took 0.025672 seconds .

========================================================================
Received Prepare
Registering precompiled user dll's ...
Registered in 0.002941 seconds.
Begin MonoManager ReloadAssembly
Native extension for WindowsStandalone target not found
Refreshing native plugins compatible for Editor in 0.40 ms, found 1 plugins.
Preloading 0 native plugins for Editor in 0.00 ms.
Invoked RoslynAnalysisRunner static constructor.
RoslynAnalysisRunner will not be running.
RoslynAnalysisRunner has terminated.
Mono: successfully reloaded assembly
- Completed reload, in  1.089 seconds
Platform modules already initialized, skipping
Refreshing native plugins compatible for Editor in 0.40 ms, found 1 plugins.
Preloading 0 native plugins for Editor in 0.00 ms.
Unloading 1786 Unused Serialized files (Serialized files now loaded: 0)
System memory in use before: 88.7 MB.
System memory in use after: 88.9 MB.

Unloading 7 unused Assets to reduce memory usage. Loaded Objects now: 2354.
Total: 1.972600 ms (FindLiveObjects: 0.208500 ms CreateObjectMapping: 0.080400 ms MarkObjects: 1.667100 ms  DeleteObjects: 0.015600 ms)

========================================================================
Received Prepare
Registering precompiled user dll's ...
Registered in 0.003335 seconds.
Begin MonoManager ReloadAssembly
Native extension for WindowsStandalone target not found
Refreshing native plugins compatible for Editor in 0.55 ms, found 1 plugins.
Preloading 0 native plugins for Editor in 0.00 ms.
Invoked RoslynAnalysisRunner static constructor.
RoslynAnalysisRunner will not be running.
RoslynAnalysisRunner has terminated.
Mono: successfully reloaded assembly
- Completed reload, in  1.037 seconds
Platform modules already initialized, skipping
Refreshing native plugins compatible for Editor in 0.39 ms, found 1 plugins.
Preloading 0 native plugins for Editor in 0.00 ms.
Unloading 1785 Unused Serialized files (Serialized files now loaded: 0)
System memory in use before: 88.9 MB.
System memory in use after: 89.0 MB.

Unloading 8 unused Assets to reduce memory usage. Loaded Objects now: 2356.
Total: 3.486300 ms (FindLiveObjects: 0.230100 ms CreateObjectMapping: 0.071500 ms MarkObjects: 3.137700 ms  DeleteObjects: 0.045500 ms)

========================================================================
Received Prepare
Registering precompiled user dll's ...
Registered in 0.002933 seconds.
Begin MonoManager ReloadAssembly
Native extension for WindowsStandalone target not found
Refreshing native plugins compatible for Editor in 0.35 ms, found 1 plugins.
Preloading 0 native plugins for Editor in 0.00 ms.
Invoked RoslynAnalysisRunner static constructor.
RoslynAnalysisRunner will not be running.
RoslynAnalysisRunner has terminated.
Mono: successfully reloaded assembly
- Completed reload, in  1.046 seconds
Platform modules already initialized, skipping
Refreshing native plugins compatible for Editor in 0.42 ms, found 1 plugins.
Preloading 0 native plugins for Editor in 0.00 ms.
Unloading 1785 Unused Serialized files (Serialized files now loaded: 0)
System memory in use before: 89.0 MB.
System memory in use after: 89.1 MB.

Unloading 7 unused Assets to reduce memory usage. Loaded Objects now: 2359.
Total: 2.175700 ms (FindLiveObjects: 0.223800 ms CreateObjectMapping: 0.111200 ms MarkObjects: 1.817400 ms  DeleteObjects: 0.021400 ms)

========================================================================
Received Import Request.
  Time since last request: 1273.117210 seconds.
  path: Assets/Prefabs/Enemy Plane 1.prefab
  artifactKey: Guid(8531ef25a85b50e4b96778917e6febc5) Importer(815301076,1909f56bfc062723c751e8b465ee728b)
Start importing Assets/Prefabs/Enemy Plane 1.prefab using Guid(8531ef25a85b50e4b96778917e6febc5) Importer(815301076,1909f56bfc062723c751e8b465ee728b)  -> (artifact id: '63fa5dffea115df95ea8e803efc4556e') in 0.081717 seconds
  Import took 0.085727 seconds .

========================================================================
Received Import Request.
  Time since last request: 12.787346 seconds.
  path: Assets/Prefabs/Enemy Plane 1.prefab
  artifactKey: Guid(8531ef25a85b50e4b96778917e6febc5) Importer(815301076,1909f56bfc062723c751e8b465ee728b)
Start importing Assets/Prefabs/Enemy Plane 1.prefab using Guid(8531ef25a85b50e4b96778917e6febc5) Importer(815301076,1909f56bfc062723c751e8b465ee728b)  -> (artifact id: '31a44dcafe72b2cbfccd41d337d0b41d') in 0.018281 seconds
  Import took 0.022016 seconds .

========================================================================
Received Import Request.
  Time since last request: 0.019804 seconds.
  path: Assets/Prefabs/Enemy Plane 1.prefab
  artifactKey: Guid(8531ef25a85b50e4b96778917e6febc5) Importer(815301076,1909f56bfc062723c751e8b465ee728b)
Start importing Assets/Prefabs/Enemy Plane 1.prefab using Guid(8531ef25a85b50e4b96778917e6febc5) Importer(815301076,1909f56bfc062723c751e8b465ee728b)  -> (artifact id: '31a44dcafe72b2cbfccd41d337d0b41d') in 0.011536 seconds
  Import took 0.014928 seconds .

========================================================================
Received Prepare
Registering precompiled user dll's ...
Registered in 0.001199 seconds.
Begin MonoManager ReloadAssembly
Native extension for WindowsStandalone target not found
Refreshing native plugins compatible for Editor in 0.34 ms, found 1 plugins.
Preloading 0 native plugins for Editor in 0.00 ms.
Invoked RoslynAnalysisRunner static constructor.
RoslynAnalysisRunner will not be running.
RoslynAnalysisRunner has terminated.
Mono: successfully reloaded assembly
- Completed reload, in  1.074 seconds
Platform modules already initialized, skipping
Refreshing native plugins compatible for Editor in 0.37 ms, found 1 plugins.
Preloading 0 native plugins for Editor in 0.00 ms.
Unloading 1785 Unused Serialized files (Serialized files now loaded: 0)
System memory in use before: 89.1 MB.
System memory in use after: 89.3 MB.

Unloading 7 unused Assets to reduce memory usage. Loaded Objects now: 2363.
Total: 1.929300 ms (FindLiveObjects: 0.235000 ms CreateObjectMapping: 0.072500 ms MarkObjects: 1.584600 ms  DeleteObjects: 0.036100 ms)

========================================================================
Received Import Request.
  Time since last request: 195.786247 seconds.
  path: Assets/Prefabs/Enemy Plane 1.prefab
  artifactKey: Guid(8531ef25a85b50e4b96778917e6febc5) Importer(815301076,1909f56bfc062723c751e8b465ee728b)
Start importing Assets/Prefabs/Enemy Plane 1.prefab using Guid(8531ef25a85b50e4b96778917e6febc5) Importer(815301076,1909f56bfc062723c751e8b465ee728b)  -> (artifact id: '1ae04f4ef05614ff1c5d96322c14fe3c') in 0.073402 seconds
  Import took 0.080470 seconds .

AssetImportWorkerClient::OnTransportError - code=2 error=End of file
