Using pre-set license
Built from '2020.2/release' branch; Version is '2020.2.1f1 (270dd8c3da1c) revision 2559448'; Using compiler version '192528614'; Build Type 'Release'
OS: 'Windows 10  (10.0.0) 64bit' Language: 'en' Physical Memory: 7834 MB
BatchMode: 1, IsHumanControllingUs: 0, StartBugReporterOnCrash: 0, Is64bit: 1, IsPro: 0

 COMMAND LINE ARGUMENTS:
C:\Program Files\Unity\Hub\Editor\2020.2.1f1\Editor\Unity.exe
-adb2
-batchMode
-noUpm
-name
AssetImportWorker1
-projectPath
C:/Users/splat/Documents/Space-Shooter
-logFile
Logs/AssetImportWorker1.log
-srvPort
53705
Successfully changed project path to: C:/Users/splat/Documents/Space-Shooter
C:/Users/splat/Documents/Space-Shooter
Using Asset Import Pipeline V2.
Refreshing native plugins compatible for Editor in 54.07 ms, found 1 plugins.
Preloading 0 native plugins for Editor in 0.00 ms.
Initialize engine version: 2020.2.1f1 (270dd8c3da1c)
[Subsystems] Discovering subsystems at path C:/Program Files/Unity/Hub/Editor/2020.2.1f1/Editor/Data/Resources/UnitySubsystems
[Subsystems] Discovering subsystems at path C:/Users/splat/Documents/Space-Shooter/Assets
GfxDevice: creating device client; threaded=0
Direct3D:
    Version:  Direct3D 11.0 [level 11.1]
    Renderer: Intel(R) UHD Graphics (ID=0x9a78)
    Vendor:   
    VRAM:     3917 MB
    Driver:   30.0.101.1029
Initialize mono
Mono path[0] = 'C:/Program Files/Unity/Hub/Editor/2020.2.1f1/Editor/Data/Managed'
Mono path[1] = 'C:/Program Files/Unity/Hub/Editor/2020.2.1f1/Editor/Data/MonoBleedingEdge/lib/mono/unityjit'
Mono config path = 'C:/Program Files/Unity/Hub/Editor/2020.2.1f1/Editor/Data/MonoBleedingEdge/etc'
Using monoOptions --debugger-agent=transport=dt_socket,embedding=1,server=y,suspend=n,address=127.0.0.1:56872
Begin MonoManager ReloadAssembly
Registering precompiled unity dll's ...
Register platform support module: C:/Program Files/Unity/Hub/Editor/2020.2.1f1/Editor/Data/PlaybackEngines/WindowsStandaloneSupport/UnityEditor.WindowsStandalone.Extensions.dll
Registered in 0.001601 seconds.
Native extension for WindowsStandalone target not found
Refreshing native plugins compatible for Editor in 56.47 ms, found 1 plugins.
Preloading 0 native plugins for Editor in 0.00 ms.
Invoked RoslynAnalysisRunner static constructor.
RoslynAnalysisRunner will not be running.
RoslynAnalysisRunner has terminated.
Mono: successfully reloaded assembly
- Completed reload, in  1.601 seconds
Platform modules already initialized, skipping
Registering precompiled user dll's ...
Registered in 0.001615 seconds.
Begin MonoManager ReloadAssembly
Native extension for WindowsStandalone target not found
Refreshing native plugins compatible for Editor in 39.31 ms, found 1 plugins.
Preloading 0 native plugins for Editor in 0.00 ms.
Invoked RoslynAnalysisRunner static constructor.
RoslynAnalysisRunner will not be running.
RoslynAnalysisRunner has terminated.
Mono: successfully reloaded assembly
- Completed reload, in  1.399 seconds
Platform modules already initialized, skipping
========================================================================
Worker process is ready to serve import requests
Launched and connected shader compiler UnityShaderCompiler.exe after 0.14 seconds
Refreshing native plugins compatible for Editor in 0.42 ms, found 1 plugins.
Preloading 0 native plugins for Editor in 0.00 ms.
Unloading 1796 Unused Serialized files (Serialized files now loaded: 0)
System memory in use before: 83.9 MB.
System memory in use after: 83.9 MB.

Unloading 24 unused Assets to reduce memory usage. Loaded Objects now: 2237.
Total: 2.960200 ms (FindLiveObjects: 0.223900 ms CreateObjectMapping: 0.070700 ms MarkObjects: 2.476500 ms  DeleteObjects: 0.187900 ms)

========================================================================
Received Import Request.
  path: Assets/Scripts/StayInside.cs
  artifactKey: Guid(5d65bffd7c7fe4d4084ff6d70ef1bed9) Importer(815301076,1909f56bfc062723c751e8b465ee728b)
Start importing Assets/Scripts/StayInside.cs using Guid(5d65bffd7c7fe4d4084ff6d70ef1bed9) Importer(815301076,1909f56bfc062723c751e8b465ee728b)  -> (artifact id: '0b35c80b8610ed6140149837e4ee2aee') in 0.090106 seconds
  Import took 0.099097 seconds .

========================================================================
Received Import Request.
  Time since last request: 0.000772 seconds.
  path: Assets/Scripts/ScrollScript.cs
  artifactKey: Guid(f7622c1cf194d234f94806dfb459e6fd) Importer(815301076,1909f56bfc062723c751e8b465ee728b)
Start importing Assets/Scripts/ScrollScript.cs using Guid(f7622c1cf194d234f94806dfb459e6fd) Importer(815301076,1909f56bfc062723c751e8b465ee728b)  -> (artifact id: '0dcf87212e68a9a7d2041b5f373f2969') in 0.023234 seconds
  Import took 0.030662 seconds .

========================================================================
Received Import Request.
  Time since last request: 0.000473 seconds.
  path: Assets/Scripts/Boundary.cs
  artifactKey: Guid(a4877a10219a05c49a17d5a50190d287) Importer(815301076,1909f56bfc062723c751e8b465ee728b)
Start importing Assets/Scripts/Boundary.cs using Guid(a4877a10219a05c49a17d5a50190d287) Importer(815301076,1909f56bfc062723c751e8b465ee728b)  -> (artifact id: 'b3b4ffa0b8cc71f82e1593d25635d10b') in 0.019165 seconds
  Import took 0.025969 seconds .

========================================================================
Received Prepare
Refreshing native plugins compatible for Editor in 1.53 ms, found 1 plugins.
Preloading 0 native plugins for Editor in 0.00 ms.
Unloading 10 Unused Serialized files (Serialized files now loaded: 0)
System memory in use before: 48.6 MB.
System memory in use after: 48.6 MB.

Unloading 10 unused Assets to reduce memory usage. Loaded Objects now: 2237.
Total: 4.410000 ms (FindLiveObjects: 0.427200 ms CreateObjectMapping: 0.186000 ms MarkObjects: 3.635400 ms  DeleteObjects: 0.159900 ms)

========================================================================
Received Import Request.
  Time since last request: 646.540440 seconds.
  path: Assets/Scripts/Enemies.cs
  artifactKey: Guid(d9ce97ef416012a4eb50de18745b16bb) Importer(815301076,1909f56bfc062723c751e8b465ee728b)
Start importing Assets/Scripts/Enemies.cs using Guid(d9ce97ef416012a4eb50de18745b16bb) Importer(815301076,1909f56bfc062723c751e8b465ee728b)  -> (artifact id: '15ac1eee6be2701b8a405843e0cf6eb2') in 0.039695 seconds
  Import took 0.296880 seconds .

========================================================================
Received Import Request.
  Time since last request: 0.020757 seconds.
  path: Assets/Scripts/Enemies.cs
  artifactKey: Guid(d9ce97ef416012a4eb50de18745b16bb) Importer(815301076,1909f56bfc062723c751e8b465ee728b)
Start importing Assets/Scripts/Enemies.cs using Guid(d9ce97ef416012a4eb50de18745b16bb) Importer(815301076,1909f56bfc062723c751e8b465ee728b)  -> (artifact id: '15ac1eee6be2701b8a405843e0cf6eb2') in 0.007843 seconds
  Import took 0.016385 seconds .

